Determining if the pthread_create exist failed with the following output:
Change Dir: /home/rafaelpaiva/workspace/pumpkin_ws/build-src-Desktop-Default/CMakeFiles/CMakeTmp

Run Build Command:/usr/bin/make "cmTryCompileExec2671183254/fast"
/usr/bin/make -f CMakeFiles/cmTryCompileExec2671183254.dir/build.make CMakeFiles/cmTryCompileExec2671183254.dir/build
make[1]: Entering directory `/home/rafaelpaiva/workspace/pumpkin_ws/build-src-Desktop-Default/CMakeFiles/CMakeTmp'
/usr/bin/cmake -E cmake_progress_report /home/rafaelpaiva/workspace/pumpkin_ws/build-src-Desktop-Default/CMakeFiles/CMakeTmp/CMakeFiles 1
Building C object CMakeFiles/cmTryCompileExec2671183254.dir/CheckSymbolExists.c.o
/usr/bin/cc    -o CMakeFiles/cmTryCompileExec2671183254.dir/CheckSymbolExists.c.o   -c /home/rafaelpaiva/workspace/pumpkin_ws/build-src-Desktop-Default/CMakeFiles/CMakeTmp/CheckSymbolExists.c
Linking C executable cmTryCompileExec2671183254
/usr/bin/cmake -E cmake_link_script CMakeFiles/cmTryCompileExec2671183254.dir/link.txt --verbose=1
/usr/bin/cc       CMakeFiles/cmTryCompileExec2671183254.dir/CheckSymbolExists.c.o  -o cmTryCompileExec2671183254 -rdynamic 
CMakeFiles/cmTryCompileExec2671183254.dir/CheckSymbolExists.c.o: In function `main':
CheckSymbolExists.c:(.text+0x16): undefined reference to `pthread_create'
collect2: error: ld returned 1 exit status
make[1]: Leaving directory `/home/rafaelpaiva/workspace/pumpkin_ws/build-src-Desktop-Default/CMakeFiles/CMakeTmp'
make[1]: *** [cmTryCompileExec2671183254] Error 1
make: *** [cmTryCompileExec2671183254/fast] Error 2

File /home/rafaelpaiva/workspace/pumpkin_ws/build-src-Desktop-Default/CMakeFiles/CMakeTmp/CheckSymbolExists.c:
/* */
#include <pthread.h>

int main(int argc, char** argv)
{
  (void)argv;
#ifndef pthread_create
  return ((int*)(&pthread_create))[argc];
#else
  (void)argc;
  return 0;
#endif
}

Determining if the function pthread_create exists in the pthreads failed with the following output:
Change Dir: /home/rafaelpaiva/workspace/pumpkin_ws/build-src-Desktop-Default/CMakeFiles/CMakeTmp

Run Build Command:/usr/bin/make "cmTryCompileExec3201049732/fast"
/usr/bin/make -f CMakeFiles/cmTryCompileExec3201049732.dir/build.make CMakeFiles/cmTryCompileExec3201049732.dir/build
make[1]: Entering directory `/home/rafaelpaiva/workspace/pumpkin_ws/build-src-Desktop-Default/CMakeFiles/CMakeTmp'
/usr/bin/cmake -E cmake_progress_report /home/rafaelpaiva/workspace/pumpkin_ws/build-src-Desktop-Default/CMakeFiles/CMakeTmp/CMakeFiles 1
Building C object CMakeFiles/cmTryCompileExec3201049732.dir/CheckFunctionExists.c.o
/usr/bin/cc   -DCHECK_FUNCTION_EXISTS=pthread_create   -o CMakeFiles/cmTryCompileExec3201049732.dir/CheckFunctionExists.c.o   -c /usr/share/cmake-2.8/Modules/CheckFunctionExists.c
Linking C executable cmTryCompileExec3201049732
/usr/bin/cmake -E cmake_link_script CMakeFiles/cmTryCompileExec3201049732.dir/link.txt --verbose=1
/usr/bin/cc   -DCHECK_FUNCTION_EXISTS=pthread_create    CMakeFiles/cmTryCompileExec3201049732.dir/CheckFunctionExists.c.o  -o cmTryCompileExec3201049732 -rdynamic -lpthreads 
/usr/bin/ld: cannot find -lpthreads
collect2: error: ld returned 1 exit status
make[1]: Leaving directory `/home/rafaelpaiva/workspace/pumpkin_ws/build-src-Desktop-Default/CMakeFiles/CMakeTmp'
make[1]: *** [cmTryCompileExec3201049732] Error 1
make: *** [cmTryCompileExec3201049732/fast] Error 2


Determining if the Q_WS_WIN exist failed with the following output:
Change Dir: /home/rafaelpaiva/workspace/pumpkin_ws/build-src-Desktop-Default/CMakeFiles/CMakeTmp

Run Build Command:/usr/bin/make "cmTryCompileExec88041299/fast"
/usr/bin/make -f CMakeFiles/cmTryCompileExec88041299.dir/build.make CMakeFiles/cmTryCompileExec88041299.dir/build
make[1]: Entering directory `/home/rafaelpaiva/workspace/pumpkin_ws/build-src-Desktop-Default/CMakeFiles/CMakeTmp'
/usr/bin/cmake -E cmake_progress_report /home/rafaelpaiva/workspace/pumpkin_ws/build-src-Desktop-Default/CMakeFiles/CMakeTmp/CMakeFiles 1
Building CXX object CMakeFiles/cmTryCompileExec88041299.dir/CheckSymbolExists.cxx.o
/usr/bin/c++    -std=c++11  -I/usr/include/qt4    -o CMakeFiles/cmTryCompileExec88041299.dir/CheckSymbolExists.cxx.o -c /home/rafaelpaiva/workspace/pumpkin_ws/build-src-Desktop-Default/CMakeFiles/CMakeTmp/CheckSymbolExists.cxx
/home/rafaelpaiva/workspace/pumpkin_ws/build-src-Desktop-Default/CMakeFiles/CMakeTmp/CheckSymbolExists.cxx: In function ‘int main(int, char**)’:
/home/rafaelpaiva/workspace/pumpkin_ws/build-src-Desktop-Default/CMakeFiles/CMakeTmp/CheckSymbolExists.cxx:8:19: error: ‘Q_WS_WIN’ was not declared in this scope
   return ((int*)(&Q_WS_WIN))[argc];
                   ^
make[1]: *** [CMakeFiles/cmTryCompileExec88041299.dir/CheckSymbolExists.cxx.o] Error 1
make[1]: Leaving directory `/home/rafaelpaiva/workspace/pumpkin_ws/build-src-Desktop-Default/CMakeFiles/CMakeTmp'
make: *** [cmTryCompileExec88041299/fast] Error 2

File /home/rafaelpaiva/workspace/pumpkin_ws/build-src-Desktop-Default/CMakeFiles/CMakeTmp/CheckSymbolExists.cxx:
/* */
#include <QtCore/qglobal.h>

int main(int argc, char** argv)
{
  (void)argv;
#ifndef Q_WS_WIN
  return ((int*)(&Q_WS_WIN))[argc];
#else
  (void)argc;
  return 0;
#endif
}

Determining if the Q_WS_QWS exist failed with the following output:
Change Dir: /home/rafaelpaiva/workspace/pumpkin_ws/build-src-Desktop-Default/CMakeFiles/CMakeTmp

Run Build Command:/usr/bin/make "cmTryCompileExec1351129312/fast"
/usr/bin/make -f CMakeFiles/cmTryCompileExec1351129312.dir/build.make CMakeFiles/cmTryCompileExec1351129312.dir/build
make[1]: Entering directory `/home/rafaelpaiva/workspace/pumpkin_ws/build-src-Desktop-Default/CMakeFiles/CMakeTmp'
/usr/bin/cmake -E cmake_progress_report /home/rafaelpaiva/workspace/pumpkin_ws/build-src-Desktop-Default/CMakeFiles/CMakeTmp/CMakeFiles 1
Building CXX object CMakeFiles/cmTryCompileExec1351129312.dir/CheckSymbolExists.cxx.o
/usr/bin/c++    -std=c++11  -I/usr/include/qt4    -o CMakeFiles/cmTryCompileExec1351129312.dir/CheckSymbolExists.cxx.o -c /home/rafaelpaiva/workspace/pumpkin_ws/build-src-Desktop-Default/CMakeFiles/CMakeTmp/CheckSymbolExists.cxx
/home/rafaelpaiva/workspace/pumpkin_ws/build-src-Desktop-Default/CMakeFiles/CMakeTmp/CheckSymbolExists.cxx: In function ‘int main(int, char**)’:
/home/rafaelpaiva/workspace/pumpkin_ws/build-src-Desktop-Default/CMakeFiles/CMakeTmp/CheckSymbolExists.cxx:8:19: error: ‘Q_WS_QWS’ was not declared in this scope
   return ((int*)(&Q_WS_QWS))[argc];
                   ^
make[1]: Leaving directory `/home/rafaelpaiva/workspace/pumpkin_ws/build-src-Desktop-Default/CMakeFiles/CMakeTmp'
make[1]: *** [CMakeFiles/cmTryCompileExec1351129312.dir/CheckSymbolExists.cxx.o] Error 1
make: *** [cmTryCompileExec1351129312/fast] Error 2

File /home/rafaelpaiva/workspace/pumpkin_ws/build-src-Desktop-Default/CMakeFiles/CMakeTmp/CheckSymbolExists.cxx:
/* */
#include <QtCore/qglobal.h>

int main(int argc, char** argv)
{
  (void)argv;
#ifndef Q_WS_QWS
  return ((int*)(&Q_WS_QWS))[argc];
#else
  (void)argc;
  return 0;
#endif
}

Determining if the Q_WS_MAC exist failed with the following output:
Change Dir: /home/rafaelpaiva/workspace/pumpkin_ws/build-src-Desktop-Default/CMakeFiles/CMakeTmp

Run Build Command:/usr/bin/make "cmTryCompileExec2288066819/fast"
/usr/bin/make -f CMakeFiles/cmTryCompileExec2288066819.dir/build.make CMakeFiles/cmTryCompileExec2288066819.dir/build
make[1]: Entering directory `/home/rafaelpaiva/workspace/pumpkin_ws/build-src-Desktop-Default/CMakeFiles/CMakeTmp'
/usr/bin/cmake -E cmake_progress_report /home/rafaelpaiva/workspace/pumpkin_ws/build-src-Desktop-Default/CMakeFiles/CMakeTmp/CMakeFiles 1
Building CXX object CMakeFiles/cmTryCompileExec2288066819.dir/CheckSymbolExists.cxx.o
/usr/bin/c++    -std=c++11  -I/usr/include/qt4    -o CMakeFiles/cmTryCompileExec2288066819.dir/CheckSymbolExists.cxx.o -c /home/rafaelpaiva/workspace/pumpkin_ws/build-src-Desktop-Default/CMakeFiles/CMakeTmp/CheckSymbolExists.cxx
/home/rafaelpaiva/workspace/pumpkin_ws/build-src-Desktop-Default/CMakeFiles/CMakeTmp/CheckSymbolExists.cxx: In function ‘int main(int, char**)’:
/home/rafaelpaiva/workspace/pumpkin_ws/build-src-Desktop-Default/CMakeFiles/CMakeTmp/CheckSymbolExists.cxx:8:19: error: ‘Q_WS_MAC’ was not declared in this scope
   return ((int*)(&Q_WS_MAC))[argc];
                   ^
make[1]: *** [CMakeFiles/cmTryCompileExec2288066819.dir/CheckSymbolExists.cxx.o] Error 1
make[1]: Leaving directory `/home/rafaelpaiva/workspace/pumpkin_ws/build-src-Desktop-Default/CMakeFiles/CMakeTmp'
make: *** [cmTryCompileExec2288066819/fast] Error 2

File /home/rafaelpaiva/workspace/pumpkin_ws/build-src-Desktop-Default/CMakeFiles/CMakeTmp/CheckSymbolExists.cxx:
/* */
#include <QtCore/qglobal.h>

int main(int argc, char** argv)
{
  (void)argv;
#ifndef Q_WS_MAC
  return ((int*)(&Q_WS_MAC))[argc];
#else
  (void)argc;
  return 0;
#endif
}

